{"database":"windcamp","level":"info","message":"MongoDB connected","service":"wind-sunset-backend","timestamp":"2026-03-31T18:39:11.573Z"}
{"level":"info","message":"Admin bootstrap skipped because an admin account already exists","service":"wind-sunset-backend","timestamp":"2026-03-31T18:39:11.792Z"}
{"level":"info","message":"Server running","port":"5000","service":"wind-sunset-backend","timestamp":"2026-03-31T18:39:11.795Z"}
{"database":"windcamp","level":"info","message":"MongoDB connected","service":"wind-sunset-backend","timestamp":"2026-03-31T18:41:32.157Z"}
{"level":"info","message":"Admin bootstrap skipped because an admin account already exists","service":"wind-sunset-backend","timestamp":"2026-03-31T18:41:32.283Z"}
{"level":"info","message":"Server running","port":"5000","service":"wind-sunset-backend","timestamp":"2026-03-31T18:41:32.287Z"}
{"database":"windcamp","level":"info","message":"MongoDB connected","service":"wind-sunset-backend","timestamp":"2026-03-31T18:41:38.056Z"}
{"level":"info","message":"Admin bootstrap skipped because an admin account already exists","service":"wind-sunset-backend","timestamp":"2026-03-31T18:41:38.175Z"}
{"level":"info","message":"Server running","port":"5000","service":"wind-sunset-backend","timestamp":"2026-03-31T18:41:38.178Z"}
{"database":"windcamp","level":"info","message":"MongoDB connected","service":"wind-sunset-backend","timestamp":"2026-03-31T18:49:00.841Z"}
{"level":"info","message":"Admin bootstrap skipped because an admin account already exists","service":"wind-sunset-backend","timestamp":"2026-03-31T18:49:00.960Z"}
{"level":"info","message":"Server running","port":"5000","service":"wind-sunset-backend","timestamp":"2026-03-31T18:49:00.963Z"}
{"database":"windcamp","level":"info","message":"MongoDB connected","service":"wind-sunset-backend","timestamp":"2026-03-31T18:51:28.518Z"}
{"level":"info","message":"Admin bootstrap skipped because an admin account already exists","service":"wind-sunset-backend","timestamp":"2026-03-31T18:51:28.755Z"}
{"level":"info","message":"Server running","port":"5000","service":"wind-sunset-backend","timestamp":"2026-03-31T18:51:28.757Z"}
{"database":"windcamp","level":"info","message":"MongoDB connected","service":"wind-sunset-backend","timestamp":"2026-04-01T02:57:05.971Z"}
{"level":"info","message":"Admin bootstrap skipped because an admin account already exists","service":"wind-sunset-backend","timestamp":"2026-04-01T02:57:06.296Z"}
{"level":"info","message":"Server running","port":"5000","service":"wind-sunset-backend","timestamp":"2026-04-01T02:57:06.298Z"}
{"database":"windcamp","level":"info","message":"MongoDB connected","service":"wind-sunset-backend","timestamp":"2026-04-01T02:58:32.975Z"}
{"level":"info","message":"Admin bootstrap skipped because an admin account already exists","service":"wind-sunset-backend","timestamp":"2026-04-01T02:58:33.097Z"}
{"level":"info","message":"Server running","port":"5000","service":"wind-sunset-backend","timestamp":"2026-04-01T02:58:33.100Z"}
{"database":"windcamp","level":"info","message":"MongoDB connected","service":"wind-sunset-backend","timestamp":"2026-04-01T03:28:17.658Z"}
{"level":"info","message":"Admin bootstrap skipped because an admin account already exists","service":"wind-sunset-backend","timestamp":"2026-04-01T03:28:17.795Z"}
{"level":"info","message":"Server running","port":"5000","service":"wind-sunset-backend","timestamp":"2026-04-01T03:28:17.797Z"}
{"durationMs":152,"ip":"::1","level":"info","message":"HTTP request","method":"POST","path":"/api/auth/login","service":"wind-sunset-backend","statusCode":200,"timestamp":"2026-04-01T03:28:20.139Z"}
{"durationMs":13,"ip":"::1","level":"info","message":"HTTP request","method":"GET","path":"/api/auth/me","service":"wind-sunset-backend","statusCode":304,"timestamp":"2026-04-01T03:28:20.158Z"}
{"durationMs":30,"ip":"::1","level":"info","message":"HTTP request","method":"GET","path":"/api/camps","service":"wind-sunset-backend","statusCode":200,"timestamp":"2026-04-01T03:28:20.332Z"}
{"durationMs":33,"ip":"::1","level":"info","message":"HTTP request","method":"GET","path":"/api/memories","service":"wind-sunset-backend","statusCode":200,"timestamp":"2026-04-01T03:28:20.339Z"}
{"durationMs":12,"ip":"::1","level":"info","message":"HTTP request","method":"GET","path":"/api/camps","service":"wind-sunset-backend","statusCode":304,"timestamp":"2026-04-01T03:28:20.347Z"}
{"durationMs":26,"ip":"::1","level":"info","message":"HTTP request","method":"GET","path":"/api/memories","service":"wind-sunset-backend","statusCode":304,"timestamp":"2026-04-01T03:28:20.367Z"}
{"adminId":"69b433dc0a75acfb3e92c9f7","email":"moinshaikh6249@gmail.com","level":"warn","message":"Admin login blocked due to missing password hash","service":"wind-sunset-backend","timestamp":"2026-04-01T03:28:35.235Z"}
{"durationMs":19,"ip":"::1","level":"info","message":"HTTP request","method":"POST","path":"/api/admin/login","service":"wind-sunset-backend","statusCode":401,"timestamp":"2026-04-01T03:28:35.236Z"}
{"adminId":"69b433dc0a75acfb3e92c9f7","email":"moinshaikh6249@gmail.com","level":"warn","message":"Admin login blocked due to missing password hash","service":"wind-sunset-backend","timestamp":"2026-04-01T03:28:46.843Z"}
{"durationMs":13,"ip":"::1","level":"info","message":"HTTP request","method":"POST","path":"/api/admin/login","service":"wind-sunset-backend","statusCode":401,"timestamp":"2026-04-01T03:28:46.844Z"}
{"adminId":"69b433dc0a75acfb3e92c9f7","email":"moinshaikh6249@gmail.com","level":"warn","message":"Admin login blocked due to missing password hash","service":"wind-sunset-backend","timestamp":"2026-04-01T03:29:09.002Z"}
{"durationMs":12,"ip":"::1","level":"info","message":"HTTP request","method":"POST","path":"/api/admin/login","service":"wind-sunset-backend","statusCode":401,"timestamp":"2026-04-01T03:29:09.004Z"}
{"durationMs":14,"ip":"::1","level":"info","message":"HTTP request","method":"GET","path":"/api/camps","service":"wind-sunset-backend","statusCode":200,"timestamp":"2026-04-01T03:29:23.093Z"}
{"durationMs":2,"ip":"::1","level":"info","message":"HTTP request","method":"GET","path":"/favicon.ico","service":"wind-sunset-backend","statusCode":404,"timestamp":"2026-04-01T03:29:23.107Z"}
{"adminId":"69b433dc0a75acfb3e92c9f7","email":"moinshaikh6249@gmail.com","level":"warn","message":"Admin login blocked due to missing password hash","service":"wind-sunset-backend","timestamp":"2026-04-01T03:30:29.435Z"}
{"durationMs":14,"ip":"::1","level":"info","message":"HTTP request","method":"POST","path":"/api/admin/login","service":"wind-sunset-backend","statusCode":401,"timestamp":"2026-04-01T03:30:29.437Z"}
{"durationMs":97,"ip":"::1","level":"info","message":"HTTP request","method":"POST","path":"/api/admin/login","service":"wind-sunset-backend","statusCode":200,"timestamp":"2026-04-01T03:32:17.219Z"}
{"durationMs":13,"ip":"::1","level":"info","message":"HTTP request","method":"GET","path":"/api/admin/me","service":"wind-sunset-backend","statusCode":304,"timestamp":"2026-04-01T03:32:17.238Z"}
{"durationMs":17,"ip":"::1","level":"info","message":"HTTP request","method":"GET","path":"/api/notifications?limit=80","service":"wind-sunset-backend","statusCode":200,"timestamp":"2026-04-01T03:32:17.291Z"}
{"durationMs":50,"ip":"::1","level":"info","message":"HTTP request","method":"GET","path":"/api/notifications?limit=80","service":"wind-sunset-backend","statusCode":304,"timestamp":"2026-04-01T03:32:19.408Z"}
{"durationMs":13,"ip":"::1","level":"info","message":"HTTP request","method":"GET","path":"/api/admin/dashboard/stats","service":"wind-sunset-backend","statusCode":304,"timestamp":"2026-04-01T03:32:19.419Z"}
{"durationMs":16,"ip":"::1","level":"info","message":"HTTP request","method":"GET","path":"/api/notifications?limit=80","service":"wind-sunset-backend","statusCode":304,"timestamp":"2026-04-01T03:32:19.429Z"}
{"durationMs":13,"ip":"::1","level":"info","message":"HTTP request","method":"GET","path":"/api/admin/dashboard/stats","service":"wind-sunset-backend","statusCode":304,"timestamp":"2026-04-01T03:32:19.432Z"}
{"durationMs":25,"ip":"::1","level":"info","message":"HTTP request","method":"GET","path":"/api/memories","service":"wind-sunset-backend","statusCode":200,"timestamp":"2026-04-01T03:32:19.435Z"}
{"durationMs":28,"ip":"::1","level":"info","message":"HTTP request","method":"GET","path":"/api/admin/messages","service":"wind-sunset-backend","statusCode":200,"timestamp":"2026-04-01T03:32:19.436Z"}
{"durationMs":25,"ip":"::1","level":"info","message":"HTTP request","method":"GET","path":"/api/memories","service":"wind-sunset-backend","statusCode":304,"timestamp":"2026-04-01T03:32:19.462Z"}
{"durationMs":25,"ip":"::1","level":"info","message":"HTTP request","method":"GET","path":"/api/admin/messages","service":"wind-sunset-backend","statusCode":304,"timestamp":"2026-04-01T03:32:19.464Z"}
{"durationMs":169,"ip":"::1","level":"info","message":"HTTP request","method":"GET","path":"/api/admin/analytics","service":"wind-sunset-backend","statusCode":200,"timestamp":"2026-04-01T03:32:19.539Z"}
{"durationMs":17,"ip":"::1","level":"info","message":"HTTP request","method":"GET","path":"/api/admin/analytics","service":"wind-sunset-backend","statusCode":200,"timestamp":"2026-04-01T03:32:19.556Z"}
{"durationMs":159,"ip":"::1","level":"info","message":"HTTP request","method":"GET","path":"/api/admin/bookings","service":"wind-sunset-backend","statusCode":200,"timestamp":"2026-04-01T03:32:19.562Z"}
{"durationMs":41,"ip":"::1","level":"info","message":"HTTP request","method":"GET","path":"/api/admin/bookings","service":"wind-sunset-backend","statusCode":304,"timestamp":"2026-04-01T03:32:19.604Z"}
{"durationMs":22,"ip":"::1","level":"info","message":"HTTP request","method":"GET","path":"/api/admin/memories","service":"wind-sunset-backend","statusCode":304,"timestamp":"2026-04-01T03:32:26.365Z"}
{"durationMs":30,"ip":"::1","level":"info","message":"HTTP request","method":"GET","path":"/api/admin/memories","service":"wind-sunset-backend","statusCode":304,"timestamp":"2026-04-01T03:32:26.396Z"}
{"durationMs":14,"ip":"::1","level":"info","message":"HTTP request","method":"GET","path":"/api/admin/dashboard/stats","service":"wind-sunset-backend","statusCode":304,"timestamp":"2026-04-01T03:32:27.816Z"}
{"durationMs":19,"ip":"::1","level":"info","message":"HTTP request","method":"GET","path":"/api/admin/analytics","service":"wind-sunset-backend","statusCode":304,"timestamp":"2026-04-01T03:32:27.818Z"}
{"durationMs":13,"ip":"::1","level":"info","message":"HTTP request","method":"GET","path":"/api/admin/dashboard/stats","service":"wind-sunset-backend","statusCode":304,"timestamp":"2026-04-01T03:32:27.832Z"}
{"durationMs":15,"ip":"::1","level":"info","message":"HTTP request","method":"GET","path":"/api/admin/analytics","service":"wind-sunset-backend","statusCode":304,"timestamp":"2026-04-01T03:32:27.834Z"}
{"durationMs":33,"ip":"::1","level":"info","message":"HTTP request","method":"GET","path":"/api/admin/bookings","service":"wind-sunset-backend","statusCode":304,"timestamp":"2026-04-01T03:32:27.835Z"}
{"durationMs":41,"ip":"::1","level":"info","message":"HTTP request","method":"GET","path":"/api/admin/bookings","service":"wind-sunset-backend","statusCode":304,"timestamp":"2026-04-01T03:32:27.877Z"}
{"durationMs":147,"ip":"::1","level":"info","message":"HTTP request","method":"GET","path":"/api/memories","service":"wind-sunset-backend","statusCode":304,"timestamp":"2026-04-01T03:32:27.952Z"}
{"durationMs":165,"ip":"::1","level":"info","message":"HTTP request","method":"GET","path":"/api/admin/messages","service":"wind-sunset-backend","statusCode":304,"timestamp":"2026-04-01T03:32:27.969Z"}
{"durationMs":21,"ip":"::1","level":"info","message":"HTTP request","method":"GET","path":"/api/memories","service":"wind-sunset-backend","statusCode":304,"timestamp":"2026-04-01T03:32:27.975Z"}
{"durationMs":20,"ip":"::1","level":"info","message":"HTTP request","method":"GET","path":"/api/admin/messages","service":"wind-sunset-backend","statusCode":304,"timestamp":"2026-04-01T03:32:27.991Z"}
{"durationMs":15,"ip":"::1","level":"info","message":"HTTP request","method":"GET","path":"/api/notifications?limit=80","service":"wind-sunset-backend","statusCode":304,"timestamp":"2026-04-01T03:32:49.656Z"}
{"durationMs":13,"ip":"::1","level":"info","message":"HTTP request","method":"GET","path":"/api/notifications?limit=80","service":"wind-sunset-backend","statusCode":304,"timestamp":"2026-04-01T03:33:19.650Z"}
{"durationMs":17,"ip":"::1","level":"info","message":"HTTP request","method":"GET","path":"/api/notifications?limit=80","service":"wind-sunset-backend","statusCode":304,"timestamp":"2026-04-01T03:33:49.655Z"}
{"durationMs":14,"ip":"::1","level":"info","message":"HTTP request","method":"GET","path":"/api/notifications?limit=80","service":"wind-sunset-backend","statusCode":304,"timestamp":"2026-04-01T03:34:19.647Z"}
{"durationMs":16,"ip":"::1","level":"info","message":"HTTP request","method":"GET","path":"/api/notifications?limit=80","service":"wind-sunset-backend","statusCode":304,"timestamp":"2026-04-01T03:34:49.657Z"}
{"durationMs":18,"ip":"::1","level":"info","message":"HTTP request","method":"GET","path":"/api/notifications?limit=80","service":"wind-sunset-backend","statusCode":304,"timestamp":"2026-04-01T03:35:19.656Z"}
{"durationMs":14,"ip":"::1","level":"info","message":"HTTP request","method":"GET","path":"/api/notifications?limit=80","service":"wind-sunset-backend","statusCode":304,"timestamp":"2026-04-01T03:35:58.648Z"}
{"durationMs":14,"ip":"::1","level":"info","message":"HTTP request","method":"GET","path":"/api/notifications?limit=80","service":"wind-sunset-backend","statusCode":304,"timestamp":"2026-04-01T03:36:58.652Z"}
{"durationMs":13,"ip":"::1","level":"info","message":"HTTP request","method":"GET","path":"/api/notifications?limit=80","service":"wind-sunset-backend","statusCode":304,"timestamp":"2026-04-01T03:37:31.893Z"}
{"durationMs":12,"ip":"::1","level":"info","message":"HTTP request","method":"GET","path":"/api/notifications?limit=80","service":"wind-sunset-backend","statusCode":304,"timestamp":"2026-04-01T03:37:49.653Z"}
{"durationMs":14,"ip":"::1","level":"info","message":"HTTP request","method":"GET","path":"/api/camps","service":"wind-sunset-backend","statusCode":304,"timestamp":"2026-04-01T03:38:28.925Z"}
{"durationMs":11,"ip":"::1","level":"info","message":"HTTP request","method":"GET","path":"/api/camps","service":"wind-sunset-backend","statusCode":304,"timestamp":"2026-04-01T03:38:28.938Z"}
{"durationMs":27,"ip":"::1","level":"info","message":"HTTP request","method":"GET","path":"/api/memories","service":"wind-sunset-backend","statusCode":304,"timestamp":"2026-04-01T03:38:28.939Z"}
{"durationMs":21,"ip":"::1","level":"info","message":"HTTP request","method":"GET","path":"/api/memories","service":"wind-sunset-backend","statusCode":304,"timestamp":"2026-04-01T03:38:28.961Z"}
{"durationMs":94,"ip":"::1","level":"info","message":"HTTP request","method":"POST","path":"/api/admin/login","service":"wind-sunset-backend","statusCode":200,"timestamp":"2026-04-01T03:38:39.581Z"}
{"durationMs":12,"ip":"::1","level":"info","message":"HTTP request","method":"GET","path":"/api/admin/me","service":"wind-sunset-backend","statusCode":304,"timestamp":"2026-04-01T03:38:39.598Z"}
{"durationMs":16,"ip":"::1","level":"info","message":"HTTP request","method":"GET","path":"/api/notifications?limit=80","service":"wind-sunset-backend","statusCode":304,"timestamp":"2026-04-01T03:38:39.644Z"}
{"durationMs":14,"ip":"::1","level":"info","message":"HTTP request","method":"GET","path":"/api/notifications?limit=80","service":"wind-sunset-backend","statusCode":304,"timestamp":"2026-04-01T03:38:39.881Z"}
{"durationMs":15,"ip":"::1","level":"info","message":"HTTP request","method":"GET","path":"/api/admin/dashboard/stats","service":"wind-sunset-backend","statusCode":304,"timestamp":"2026-04-01T03:38:39.888Z"}
{"durationMs":22,"ip":"::1","level":"info","message":"HTTP request","method":"GET","path":"/api/admin/analytics","service":"wind-sunset-backend","statusCode":200,"timestamp":"2026-04-01T03:38:39.893Z"}
{"durationMs":17,"ip":"::1","level":"info","message":"HTTP request","method":"GET","path":"/api/notifications?limit=80","service":"wind-sunset-backend","statusCode":304,"timestamp":"2026-04-01T03:38:39.898Z"}
{"durationMs":12,"ip":"::1","level":"info","message":"HTTP request","method":"GET","path":"/api/admin/dashboard/stats","service":"wind-sunset-backend","statusCode":304,"timestamp":"2026-04-01T03:38:39.902Z"}
{"durationMs":28,"ip":"::1","level":"info","message":"HTTP request","method":"GET","path":"/api/admin/messages","service":"wind-sunset-backend","statusCode":304,"timestamp":"2026-04-01T03:38:39.904Z"}
{"durationMs":16,"ip":"::1","level":"info","message":"HTTP request","method":"GET","path":"/api/admin/analytics","service":"wind-sunset-backend","statusCode":200,"timestamp":"2026-04-01T03:38:39.910Z"}
{"durationMs":29,"ip":"::1","level":"info","message":"HTTP request","method":"GET","path":"/api/admin/messages","service":"wind-sunset-backend","statusCode":304,"timestamp":"2026-04-01T03:38:39.934Z"}
{"durationMs":133,"ip":"::1","level":"info","message":"HTTP request","method":"GET","path":"/api/admin/bookings","service":"wind-sunset-backend","statusCode":304,"timestamp":"2026-04-01T03:38:40.008Z"}
{"durationMs":145,"ip":"::1","level":"info","message":"HTTP request","method":"GET","path":"/api/memories","service":"wind-sunset-backend","statusCode":304,"timestamp":"2026-04-01T03:38:40.021Z"}
{"durationMs":29,"ip":"::1","level":"info","message":"HTTP request","method":"GET","path":"/api/admin/bookings","service":"wind-sunset-backend","statusCode":304,"timestamp":"2026-04-01T03:38:40.039Z"}
{"durationMs":21,"ip":"::1","level":"info","message":"HTTP request","method":"GET","path":"/api/memories","service":"wind-sunset-backend","statusCode":304,"timestamp":"2026-04-01T03:38:40.043Z"}
{"durationMs":93,"ip":"::1","level":"info","message":"HTTP request","method":"POST","path":"/api/admin/login","service":"wind-sunset-backend","statusCode":401,"timestamp":"2026-04-01T03:38:49.686Z"}
{"durationMs":82,"ip":"::1","level":"info","message":"HTTP request","method":"POST","path":"/api/admin/login","service":"wind-sunset-backend","statusCode":401,"timestamp":"2026-04-01T03:38:56.966Z"}
{"durationMs":78,"ip":"::1","level":"info","message":"HTTP request","method":"POST","path":"/api/admin/login","service":"wind-sunset-backend","statusCode":200,"timestamp":"2026-04-01T03:39:04.003Z"}
{"durationMs":12,"ip":"::1","level":"info","message":"HTTP request","method":"GET","path":"/api/admin/me","service":"wind-sunset-backend","statusCode":304,"timestamp":"2026-04-01T03:39:04.021Z"}
{"durationMs":10,"ip":"::1","level":"info","message":"HTTP request","method":"GET","path":"/api/notifications?limit=80","service":"wind-sunset-backend","statusCode":304,"timestamp":"2026-04-01T03:39:04.059Z"}
{"durationMs":20,"ip":"::1","level":"info","message":"HTTP request","method":"GET","path":"/api/notifications?limit=80","service":"wind-sunset-backend","statusCode":304,"timestamp":"2026-04-01T03:39:04.251Z"}
{"durationMs":20,"ip":"::1","level":"info","message":"HTTP request","method":"GET","path":"/api/admin/dashboard/stats","service":"wind-sunset-backend","statusCode":304,"timestamp":"2026-04-01T03:39:04.264Z"}
{"durationMs":17,"ip":"::1","level":"info","message":"HTTP request","method":"GET","path":"/api/notifications?limit=80","service":"wind-sunset-backend","statusCode":304,"timestamp":"2026-04-01T03:39:04.268Z"}
{"durationMs":30,"ip":"::1","level":"info","message":"HTTP request","method":"GET","path":"/api/admin/analytics","service":"wind-sunset-backend","statusCode":200,"timestamp":"2026-04-01T03:39:04.269Z"}
{"durationMs":32,"ip":"::1","level":"info","message":"HTTP request","method":"GET","path":"/api/admin/messages","service":"wind-sunset-backend","statusCode":304,"timestamp":"2026-04-01T03:39:04.278Z"}
{"durationMs":13,"ip":"::1","level":"info","message":"HTTP request","method":"GET","path":"/api/admin/dashboard/stats","service":"wind-sunset-backend","statusCode":304,"timestamp":"2026-04-01T03:39:04.279Z"}
{"durationMs":20,"ip":"::1","level":"info","message":"HTTP request","method":"GET","path":"/api/admin/analytics","service":"wind-sunset-backend","statusCode":304,"timestamp":"2026-04-01T03:39:04.290Z"}
{"durationMs":46,"ip":"::1","level":"info","message":"HTTP request","method":"GET","path":"/api/admin/bookings","service":"wind-sunset-backend","statusCode":304,"timestamp":"2026-04-01T03:39:04.291Z"}
{"durationMs":25,"ip":"::1","level":"info","message":"HTTP request","method":"GET","path":"/api/admin/messages","service":"wind-sunset-backend","statusCode":304,"timestamp":"2026-04-01T03:39:04.305Z"}
{"durationMs":33,"ip":"::1","level":"info","message":"HTTP request","method":"GET","path":"/api/admin/bookings","service":"wind-sunset-backend","statusCode":304,"timestamp":"2026-04-01T03:39:04.326Z"}
{"durationMs":163,"ip":"::1","level":"info","message":"HTTP request","method":"GET","path":"/api/memories","service":"wind-sunset-backend","statusCode":304,"timestamp":"2026-04-01T03:39:04.410Z"}
{"durationMs":21,"ip":"::1","level":"info","message":"HTTP request","method":"GET","path":"/api/memories","service":"wind-sunset-backend","statusCode":304,"timestamp":"2026-04-01T03:39:04.434Z"}
{"durationMs":10,"ip":"::1","level":"info","message":"HTTP request","method":"GET","path":"/api/notifications?limit=80","service":"wind-sunset-backend","statusCode":304,"timestamp":"2026-04-01T03:39:34.652Z"}
{"durationMs":11,"ip":"::1","level":"info","message":"HTTP request","method":"GET","path":"/api/notifications?limit=80","service":"wind-sunset-backend","statusCode":304,"timestamp":"2026-04-01T03:40:04.652Z"}
{"durationMs":13,"ip":"::1","level":"info","message":"HTTP request","method":"GET","path":"/api/notifications?limit=80","service":"wind-sunset-backend","statusCode":304,"timestamp":"2026-04-01T03:40:34.652Z"}
{"durationMs":12,"ip":"::1","level":"info","message":"HTTP request","method":"GET","path":"/api/notifications?limit=80","service":"wind-sunset-backend","statusCode":304,"timestamp":"2026-04-01T03:41:04.660Z"}
{"durationMs":16,"ip":"::1","level":"info","message":"HTTP request","method":"GET","path":"/api/notifications?limit=80","service":"wind-sunset-backend","statusCode":304,"timestamp":"2026-04-01T03:41:34.659Z"}
{"durationMs":14,"ip":"::1","level":"info","message":"HTTP request","method":"GET","path":"/api/notifications?limit=80","service":"wind-sunset-backend","statusCode":304,"timestamp":"2026-04-01T03:42:04.652Z"}
{"durationMs":12,"ip":"::1","level":"info","message":"HTTP request","method":"GET","path":"/api/notifications?limit=80","service":"wind-sunset-backend","statusCode":304,"timestamp":"2026-04-01T03:42:58.649Z"}
{"durationMs":14,"ip":"::1","level":"info","message":"HTTP request","method":"GET","path":"/api/notifications?limit=80","service":"wind-sunset-backend","statusCode":304,"timestamp":"2026-04-01T03:43:58.658Z"}
{"durationMs":15,"ip":"::1","level":"info","message":"HTTP request","method":"GET","path":"/api/notifications?limit=80","service":"wind-sunset-backend","statusCode":304,"timestamp":"2026-04-01T03:44:58.660Z"}
{"durationMs":18,"ip":"::1","level":"info","message":"HTTP request","method":"GET","path":"/api/notifications?limit=80","service":"wind-sunset-backend","statusCode":304,"timestamp":"2026-04-01T03:45:58.653Z"}
{"durationMs":70,"ip":"::1","level":"info","message":"HTTP request","method":"GET","path":"/api/notifications?limit=80","service":"wind-sunset-backend","statusCode":304,"timestamp":"2026-04-01T03:46:58.712Z"}
{"durationMs":13,"ip":"::1","level":"info","message":"HTTP request","method":"GET","path":"/api/notifications?limit=80","service":"wind-sunset-backend","statusCode":304,"timestamp":"2026-04-01T03:47:58.653Z"}
{"durationMs":13,"ip":"::1","level":"info","message":"HTTP request","method":"GET","path":"/api/notifications?limit=80","service":"wind-sunset-backend","statusCode":304,"timestamp":"2026-04-01T03:48:24.179Z"}
{"durationMs":12,"ip":"::1","level":"info","message":"HTTP request","method":"GET","path":"/api/notifications?limit=80","service":"wind-sunset-backend","statusCode":304,"timestamp":"2026-04-01T03:48:34.655Z"}
{"durationMs":11,"ip":"::1","level":"info","message":"HTTP request","method":"GET","path":"/api/notifications?limit=80","service":"wind-sunset-backend","statusCode":304,"timestamp":"2026-04-01T03:49:04.654Z"}
{"durationMs":11,"ip":"::1","level":"info","message":"HTTP request","method":"GET","path":"/api/notifications?limit=80","service":"wind-sunset-backend","statusCode":304,"timestamp":"2026-04-01T03:49:34.645Z"}
{"durationMs":12,"ip":"::1","level":"info","message":"HTTP request","method":"GET","path":"/api/notifications?limit=80","service":"wind-sunset-backend","statusCode":304,"timestamp":"2026-04-01T03:50:42.477Z"}
{"durationMs":12,"ip":"::1","level":"info","message":"HTTP request","method":"GET","path":"/api/notifications?limit=80","service":"wind-sunset-backend","statusCode":304,"timestamp":"2026-04-01T03:51:04.646Z"}
{"durationMs":52,"ip":"::1","level":"info","message":"HTTP request","method":"GET","path":"/api/notifications?limit=80","service":"wind-sunset-backend","statusCode":304,"timestamp":"2026-04-01T03:51:34.693Z"}
{"durationMs":13,"ip":"::1","level":"info","message":"HTTP request","method":"GET","path":"/api/notifications?limit=80","service":"wind-sunset-backend","statusCode":304,"timestamp":"2026-04-01T03:52:58.650Z"}
{"durationMs":54,"ip":"::1","level":"info","message":"HTTP request","method":"GET","path":"/api/notifications?limit=80","service":"wind-sunset-backend","statusCode":304,"timestamp":"2026-04-01T03:53:58.693Z"}
{"durationMs":11,"ip":"::1","level":"info","message":"HTTP request","method":"GET","path":"/api/camps","service":"wind-sunset-backend","statusCode":304,"timestamp":"2026-04-01T03:54:27.741Z"}
{"durationMs":14,"ip":"::1","level":"info","message":"HTTP request","method":"GET","path":"/api/camps","service":"wind-sunset-backend","statusCode":304,"timestamp":"2026-04-01T03:54:27.757Z"}
{"durationMs":26,"ip":"::1","level":"info","message":"HTTP request","method":"GET","path":"/api/memories","service":"wind-sunset-backend","statusCode":304,"timestamp":"2026-04-01T03:54:27.758Z"}
{"durationMs":19,"ip":"::1","level":"info","message":"HTTP request","method":"GET","path":"/api/memories","service":"wind-sunset-backend","statusCode":304,"timestamp":"2026-04-01T03:54:27.778Z"}
{"durationMs":17,"ip":"::1","level":"info","message":"HTTP request","method":"GET","path":"/api/camps","service":"wind-sunset-backend","statusCode":200,"timestamp":"2026-04-01T03:54:29.816Z"}
{"durationMs":20,"ip":"::1","level":"info","message":"HTTP request","method":"GET","path":"/api/camps","service":"wind-sunset-backend","statusCode":200,"timestamp":"2026-04-01T03:54:29.817Z"}
{"durationMs":36,"ip":"::1","level":"info","message":"HTTP request","method":"GET","path":"/api/memories","service":"wind-sunset-backend","statusCode":200,"timestamp":"2026-04-01T03:54:29.834Z"}
{"durationMs":36,"ip":"::1","level":"info","message":"HTTP request","method":"GET","path":"/api/memories","service":"wind-sunset-backend","statusCode":200,"timestamp":"2026-04-01T03:54:29.835Z"}
{"durationMs":14,"ip":"::1","level":"info","message":"HTTP request","method":"GET","path":"/api/notifications?limit=80","service":"wind-sunset-backend","statusCode":304,"timestamp":"2026-04-01T03:54:58.654Z"}
{"durationMs":14,"ip":"::1","level":"info","message":"HTTP request","method":"GET","path":"/api/notifications?limit=80","service":"wind-sunset-backend","statusCode":304,"timestamp":"2026-04-01T03:55:51.431Z"}
{"durationMs":13,"ip":"::1","level":"info","message":"HTTP request","method":"GET","path":"/api/camps","service":"wind-sunset-backend","statusCode":304,"timestamp":"2026-04-01T03:55:58.490Z"}
{"durationMs":23,"ip":"::1","level":"info","message":"HTTP request","method":"GET","path":"/api/memories","service":"wind-sunset-backend","statusCode":304,"timestamp":"2026-04-01T03:55:58.502Z"}
{"durationMs":14,"ip":"::1","level":"info","message":"HTTP request","method":"GET","path":"/api/camps","service":"wind-sunset-backend","statusCode":304,"timestamp":"2026-04-01T03:55:58.508Z"}
{"durationMs":20,"ip":"::1","level":"info","message":"HTTP request","method":"GET","path":"/api/memories","service":"wind-sunset-backend","statusCode":304,"timestamp":"2026-04-01T03:55:58.523Z"}
{"durationMs":11,"ip":"::1","level":"info","message":"HTTP request","method":"GET","path":"/api/notifications?limit=80","service":"wind-sunset-backend","statusCode":304,"timestamp":"2026-04-01T03:56:04.643Z"}
{"durationMs":14,"ip":"::1","level":"info","message":"HTTP request","method":"GET","path":"/api/notifications?limit=80","service":"wind-sunset-backend","statusCode":304,"timestamp":"2026-04-01T03:56:34.646Z"}
{"durationMs":13,"ip":"::1","level":"info","message":"HTTP request","method":"GET","path":"/api/camps","service":"wind-sunset-backend","statusCode":200,"timestamp":"2026-04-01T03:56:54.722Z"}
{"durationMs":14,"ip":"::1","level":"info","message":"HTTP request","method":"GET","path":"/api/camps","service":"wind-sunset-backend","statusCode":200,"timestamp":"2026-04-01T03:56:54.723Z"}
{"durationMs":30,"ip":"::1","level":"info","message":"HTTP request","method":"GET","path":"/api/memories","service":"wind-sunset-backend","statusCode":200,"timestamp":"2026-04-01T03:56:54.741Z"}
{"durationMs":32,"ip":"::1","level":"info","message":"HTTP request","method":"GET","path":"/api/memories","service":"wind-sunset-backend","statusCode":200,"timestamp":"2026-04-01T03:56:54.742Z"}
{"durationMs":12,"ip":"::1","level":"info","message":"HTTP request","method":"GET","path":"/api/notifications?limit=80","service":"wind-sunset-backend","statusCode":304,"timestamp":"2026-04-01T03:57:58.653Z"}
{"durationMs":17,"ip":"::1","level":"info","message":"HTTP request","method":"GET","path":"/api/notifications?limit=80","service":"wind-sunset-backend","statusCode":304,"timestamp":"2026-04-01T03:58:58.655Z"}
{"durationMs":15,"ip":"::1","level":"info","message":"HTTP request","method":"GET","path":"/api/notifications?limit=80","service":"wind-sunset-backend","statusCode":304,"timestamp":"2026-04-01T03:59:58.651Z"}
{"durationMs":11,"ip":"::1","level":"info","message":"HTTP request","method":"GET","path":"/api/camps","service":"wind-sunset-backend","statusCode":200,"timestamp":"2026-04-01T04:00:18.905Z"}
{"durationMs":12,"ip":"::1","level":"info","message":"HTTP request","method":"GET","path":"/api/camps","service":"wind-sunset-backend","statusCode":200,"timestamp":"2026-04-01T04:00:19.296Z"}
{"durationMs":19,"ip":"::1","level":"info","message":"HTTP request","method":"GET","path":"/api/memories","service":"wind-sunset-backend","statusCode":200,"timestamp":"2026-04-01T04:00:19.303Z"}
{"durationMs":12,"ip":"::1","level":"info","message":"HTTP request","method":"GET","path":"/api/camps","service":"wind-sunset-backend","statusCode":304,"timestamp":"2026-04-01T04:00:19.309Z"}
{"durationMs":20,"ip":"::1","level":"info","message":"HTTP request","method":"GET","path":"/api/memories","service":"wind-sunset-backend","statusCode":304,"timestamp":"2026-04-01T04:00:19.324Z"}
{"durationMs":14,"ip":"::1","level":"info","message":"HTTP request","method":"GET","path":"/api/notifications?limit=80","service":"wind-sunset-backend","statusCode":304,"timestamp":"2026-04-01T04:00:58.657Z"}
{"durationMs":10,"ip":"::1","level":"info","message":"HTTP request","method":"GET","path":"/api/notifications?limit=80","service":"wind-sunset-backend","statusCode":304,"timestamp":"2026-04-01T04:01:58.657Z"}
{"durationMs":13,"ip":"::1","level":"info","message":"HTTP request","method":"GET","path":"/api/notifications?limit=80","service":"wind-sunset-backend","statusCode":304,"timestamp":"2026-04-01T04:02:58.647Z"}
{"durationMs":27,"ip":"::1","level":"info","message":"HTTP request","method":"GET","path":"/api/camps","service":"wind-sunset-backend","statusCode":304,"timestamp":"2026-04-01T04:03:22.689Z"}
{"durationMs":33,"ip":"::1","level":"info","message":"HTTP request","method":"GET","path":"/api/memories","service":"wind-sunset-backend","statusCode":304,"timestamp":"2026-04-01T04:03:22.697Z"}
{"durationMs":12,"ip":"::1","level":"info","message":"HTTP request","method":"GET","path":"/api/camps","service":"wind-sunset-backend","statusCode":304,"timestamp":"2026-04-01T04:03:22.703Z"}
{"durationMs":61,"ip":"::1","level":"info","message":"HTTP request","method":"GET","path":"/api/memories","service":"wind-sunset-backend","statusCode":304,"timestamp":"2026-04-01T04:03:22.758Z"}
{"durationMs":12,"ip":"::1","level":"info","message":"HTTP request","method":"GET","path":"/api/notifications?limit=80","service":"wind-sunset-backend","statusCode":304,"timestamp":"2026-04-01T04:03:58.653Z"}
{"durationMs":15,"ip":"::1","level":"info","message":"HTTP request","method":"GET","path":"/api/notifications?limit=80","service":"wind-sunset-backend","statusCode":304,"timestamp":"2026-04-01T04:04:58.651Z"}
{"durationMs":18,"ip":"::1","level":"info","message":"HTTP request","method":"GET","path":"/api/camps","service":"wind-sunset-backend","statusCode":200,"timestamp":"2026-04-01T04:05:14.813Z"}
{"durationMs":18,"ip":"::1","level":"info","message":"HTTP request","method":"GET","path":"/api/camps","service":"wind-sunset-backend","statusCode":200,"timestamp":"2026-04-01T04:05:14.814Z"}
{"durationMs":28,"ip":"::1","level":"info","message":"HTTP request","method":"GET","path":"/api/memories","service":"wind-sunset-backend","statusCode":200,"timestamp":"2026-04-01T04:05:14.823Z"}
{"durationMs":27,"ip":"::1","level":"info","message":"HTTP request","method":"GET","path":"/api/memories","service":"wind-sunset-backend","statusCode":200,"timestamp":"2026-04-01T04:05:14.824Z"}
{"durationMs":14,"ip":"::1","level":"info","message":"HTTP request","method":"GET","path":"/api/notifications?limit=80","service":"wind-sunset-backend","statusCode":304,"timestamp":"2026-04-01T04:05:58.660Z"}
{"durationMs":9,"ip":"::1","level":"info","message":"HTTP request","method":"GET","path":"/api/camps","service":"wind-sunset-backend","statusCode":200,"timestamp":"2026-04-01T04:06:43.726Z"}
{"durationMs":12,"ip":"::1","level":"info","message":"HTTP request","method":"GET","path":"/api/camps","service":"wind-sunset-backend","statusCode":200,"timestamp":"2026-04-01T04:06:43.728Z"}
{"durationMs":19,"ip":"::1","level":"info","message":"HTTP request","method":"GET","path":"/api/memories","service":"wind-sunset-backend","statusCode":200,"timestamp":"2026-04-01T04:06:43.736Z"}
{"durationMs":21,"ip":"::1","level":"info","message":"HTTP request","method":"GET","path":"/api/memories","service":"wind-sunset-backend","statusCode":200,"timestamp":"2026-04-01T04:06:43.737Z"}
{"durationMs":11,"ip":"::1","level":"info","message":"HTTP request","method":"GET","path":"/api/notifications?limit=80","service":"wind-sunset-backend","statusCode":304,"timestamp":"2026-04-01T04:06:58.657Z"}
{"durationMs":11,"ip":"::1","level":"info","message":"HTTP request","method":"GET","path":"/api/notifications?limit=80","service":"wind-sunset-backend","statusCode":304,"timestamp":"2026-04-01T04:07:58.648Z"}
{"durationMs":11,"ip":"::1","level":"info","message":"HTTP request","method":"GET","path":"/api/notifications?limit=80","service":"wind-sunset-backend","statusCode":304,"timestamp":"2026-04-01T04:08:58.644Z"}
{"durationMs":13,"ip":"::1","level":"info","message":"HTTP request","method":"GET","path":"/api/notifications?limit=80","service":"wind-sunset-backend","statusCode":304,"timestamp":"2026-04-01T04:09:08.949Z"}
{"durationMs":10,"ip":"::1","level":"info","message":"HTTP request","method":"GET","path":"/api/notifications?limit=80","service":"wind-sunset-backend","statusCode":304,"timestamp":"2026-04-01T04:09:34.642Z"}
{"durationMs":10,"ip":"::1","level":"info","message":"HTTP request","method":"GET","path":"/api/notifications?limit=80","service":"wind-sunset-backend","statusCode":304,"timestamp":"2026-04-01T04:10:04.658Z"}
{"durationMs":21,"ip":"::1","level":"info","message":"HTTP request","method":"GET","path":"/api/notifications?limit=80","service":"wind-sunset-backend","statusCode":304,"timestamp":"2026-04-01T04:10:58.659Z"}
{"durationMs":14,"ip":"::1","level":"info","message":"HTTP request","method":"GET","path":"/api/notifications?limit=80","service":"wind-sunset-backend","statusCode":304,"timestamp":"2026-04-01T04:11:58.661Z"}
{"durationMs":17,"ip":"::1","level":"info","message":"HTTP request","method":"GET","path":"/api/notifications?limit=80","service":"wind-sunset-backend","statusCode":304,"timestamp":"2026-04-01T04:12:58.656Z"}
{"durationMs":12,"ip":"::1","level":"info","message":"HTTP request","method":"GET","path":"/api/notifications?limit=80","service":"wind-sunset-backend","statusCode":304,"timestamp":"2026-04-01T04:13:58.661Z"}
{"durationMs":14,"ip":"::1","level":"info","message":"HTTP request","method":"GET","path":"/api/notifications?limit=80","service":"wind-sunset-backend","statusCode":304,"timestamp":"2026-04-01T04:14:58.650Z"}
{"durationMs":13,"ip":"::1","level":"info","message":"HTTP request","method":"GET","path":"/api/notifications?limit=80","service":"wind-sunset-backend","statusCode":304,"timestamp":"2026-04-01T04:15:58.654Z"}
{"durationMs":11,"ip":"::1","level":"info","message":"HTTP request","method":"GET","path":"/api/notifications?limit=80","service":"wind-sunset-backend","statusCode":304,"timestamp":"2026-04-01T04:16:58.656Z"}
{"durationMs":15,"ip":"::1","level":"info","message":"HTTP request","method":"GET","path":"/api/notifications?limit=80","service":"wind-sunset-backend","statusCode":304,"timestamp":"2026-04-01T04:17:58.663Z"}
{"durationMs":13,"ip":"::1","level":"info","message":"HTTP request","method":"GET","path":"/api/notifications?limit=80","service":"wind-sunset-backend","statusCode":304,"timestamp":"2026-04-01T04:18:58.662Z"}
{"durationMs":16,"ip":"::1","level":"info","message":"HTTP request","method":"GET","path":"/api/notifications?limit=80","service":"wind-sunset-backend","statusCode":304,"timestamp":"2026-04-01T04:19:58.664Z"}
{"durationMs":16,"ip":"::1","level":"info","message":"HTTP request","method":"GET","path":"/api/notifications?limit=80","service":"wind-sunset-backend","statusCode":304,"timestamp":"2026-04-01T04:20:58.662Z"}
{"durationMs":15,"ip":"::1","level":"info","message":"HTTP request","method":"GET","path":"/api/notifications?limit=80","service":"wind-sunset-backend","statusCode":304,"timestamp":"2026-04-01T04:21:58.649Z"}
{"durationMs":13,"ip":"::1","level":"info","message":"HTTP request","method":"GET","path":"/api/notifications?limit=80","service":"wind-sunset-backend","statusCode":304,"timestamp":"2026-04-01T04:22:58.652Z"}
{"durationMs":15,"ip":"::1","level":"info","message":"HTTP request","method":"GET","path":"/api/notifications?limit=80","service":"wind-sunset-backend","statusCode":304,"timestamp":"2026-04-01T04:23:58.656Z"}
{"durationMs":10,"ip":"::1","level":"info","message":"HTTP request","method":"GET","path":"/api/notifications?limit=80","service":"wind-sunset-backend","statusCode":304,"timestamp":"2026-04-01T04:24:58.657Z"}
{"durationMs":18,"ip":"::1","level":"info","message":"HTTP request","method":"GET","path":"/api/notifications?limit=80","service":"wind-sunset-backend","statusCode":304,"timestamp":"2026-04-01T04:25:58.667Z"}
{"durationMs":13,"ip":"::1","level":"info","message":"HTTP request","method":"GET","path":"/api/notifications?limit=80","service":"wind-sunset-backend","statusCode":304,"timestamp":"2026-04-01T04:26:58.649Z"}
{"durationMs":12,"ip":"::1","level":"info","message":"HTTP request","method":"GET","path":"/api/notifications?limit=80","service":"wind-sunset-backend","statusCode":304,"timestamp":"2026-04-01T04:27:58.651Z"}
{"durationMs":13,"ip":"::1","level":"info","message":"HTTP request","method":"GET","path":"/api/notifications?limit=80","service":"wind-sunset-backend","statusCode":304,"timestamp":"2026-04-01T04:28:58.661Z"}
{"durationMs":17,"ip":"::1","level":"info","message":"HTTP request","method":"GET","path":"/api/notifications?limit=80","service":"wind-sunset-backend","statusCode":304,"timestamp":"2026-04-01T04:29:58.664Z"}
{"durationMs":13,"ip":"::1","level":"info","message":"HTTP request","method":"GET","path":"/api/notifications?limit=80","service":"wind-sunset-backend","statusCode":304,"timestamp":"2026-04-01T04:30:58.653Z"}
{"durationMs":13,"ip":"::1","level":"info","message":"HTTP request","method":"GET","path":"/api/notifications?limit=80","service":"wind-sunset-backend","statusCode":304,"timestamp":"2026-04-01T04:31:58.656Z"}
{"durationMs":13,"ip":"::1","level":"info","message":"HTTP request","method":"GET","path":"/api/notifications?limit=80","service":"wind-sunset-backend","statusCode":304,"timestamp":"2026-04-01T04:32:58.656Z"}
{"durationMs":239,"ip":"::1","level":"info","message":"HTTP request","method":"GET","path":"/api/notifications?limit=80","service":"wind-sunset-backend","statusCode":304,"timestamp":"2026-04-01T04:33:58.878Z"}
{"durationMs":12,"ip":"::1","level":"info","message":"HTTP request","method":"GET","path":"/api/notifications?limit=80","service":"wind-sunset-backend","statusCode":304,"timestamp":"2026-04-01T04:34:58.645Z"}
{"durationMs":32,"ip":"::1","level":"info","message":"HTTP request","method":"GET","path":"/api/notifications?limit=80","service":"wind-sunset-backend","statusCode":304,"timestamp":"2026-04-01T04:35:58.673Z"}
{"durationMs":15,"ip":"::1","level":"info","message":"HTTP request","method":"GET","path":"/api/notifications?limit=80","service":"wind-sunset-backend","statusCode":304,"timestamp":"2026-04-01T04:36:58.651Z"}
{"durationMs":15,"ip":"::1","level":"info","message":"HTTP request","method":"GET","path":"/api/notifications?limit=80","service":"wind-sunset-backend","statusCode":304,"timestamp":"2026-04-01T04:37:58.662Z"}
{"durationMs":44,"ip":"::1","level":"info","message":"HTTP request","method":"GET","path":"/api/notifications?limit=80","service":"wind-sunset-backend","statusCode":304,"timestamp":"2026-04-01T04:38:58.685Z"}
{"durationMs":22,"ip":"::1","level":"info","message":"HTTP request","method":"GET","path":"/api/notifications?limit=80","service":"wind-sunset-backend","statusCode":304,"timestamp":"2026-04-01T04:39:58.664Z"}
{"durationMs":13,"ip":"::1","level":"info","message":"HTTP request","method":"GET","path":"/api/notifications?limit=80","service":"wind-sunset-backend","statusCode":304,"timestamp":"2026-04-01T04:40:58.654Z"}
{"durationMs":14,"ip":"::1","level":"info","message":"HTTP request","method":"GET","path":"/api/notifications?limit=80","service":"wind-sunset-backend","statusCode":304,"timestamp":"2026-04-01T04:41:58.649Z"}
{"durationMs":239,"ip":"::1","level":"info","message":"HTTP request","method":"GET","path":"/api/notifications?limit=80","service":"wind-sunset-backend","statusCode":304,"timestamp":"2026-04-01T04:42:58.880Z"}
{"durationMs":13,"ip":"::1","level":"info","message":"HTTP request","method":"GET","path":"/api/notifications?limit=80","service":"wind-sunset-backend","statusCode":304,"timestamp":"2026-04-01T04:43:58.649Z"}
{"durationMs":14,"ip":"::1","level":"info","message":"HTTP request","method":"GET","path":"/api/notifications?limit=80","service":"wind-sunset-backend","statusCode":304,"timestamp":"2026-04-01T04:44:58.656Z"}
{"durationMs":18,"ip":"::1","level":"info","message":"HTTP request","method":"GET","path":"/api/notifications?limit=80","service":"wind-sunset-backend","statusCode":304,"timestamp":"2026-04-01T04:45:58.666Z"}
{"durationMs":13,"ip":"::1","level":"info","message":"HTTP request","method":"GET","path":"/api/notifications?limit=80","service":"wind-sunset-backend","statusCode":304,"timestamp":"2026-04-01T04:46:58.651Z"}
{"durationMs":104,"ip":"::1","level":"info","message":"HTTP request","method":"GET","path":"/api/notifications?limit=80","service":"wind-sunset-backend","statusCode":304,"timestamp":"2026-04-01T04:48:26.232Z"}
{"durationMs":12,"ip":"::1","level":"info","message":"HTTP request","method":"GET","path":"/api/notifications?limit=80","service":"wind-sunset-backend","statusCode":304,"timestamp":"2026-04-01T04:48:58.655Z"}
{"durationMs":15,"ip":"::1","level":"info","message":"HTTP request","method":"GET","path":"/api/notifications?limit=80","service":"wind-sunset-backend","statusCode":304,"timestamp":"2026-04-01T04:49:58.662Z"}
{"durationMs":16,"ip":"::1","level":"info","message":"HTTP request","method":"GET","path":"/api/notifications?limit=80","service":"wind-sunset-backend","statusCode":304,"timestamp":"2026-04-01T04:50:58.662Z"}
{"durationMs":14,"ip":"::1","level":"info","message":"HTTP request","method":"GET","path":"/api/notifications?limit=80","service":"wind-sunset-backend","statusCode":304,"timestamp":"2026-04-01T04:51:58.654Z"}
{"durationMs":13,"ip":"::1","level":"info","message":"HTTP request","method":"GET","path":"/api/notifications?limit=80","service":"wind-sunset-backend","statusCode":304,"timestamp":"2026-04-01T04:52:58.660Z"}
{"durationMs":20,"ip":"::1","level":"info","message":"HTTP request","method":"GET","path":"/api/notifications?limit=80","service":"wind-sunset-backend","statusCode":304,"timestamp":"2026-04-01T04:53:58.658Z"}
{"durationMs":12,"ip":"::1","level":"info","message":"HTTP request","method":"GET","path":"/api/notifications?limit=80","service":"wind-sunset-backend","statusCode":304,"timestamp":"2026-04-01T04:54:58.660Z"}
{"durationMs":24,"ip":"::1","level":"info","message":"HTTP request","method":"GET","path":"/api/notifications?limit=80","service":"wind-sunset-backend","statusCode":304,"timestamp":"2026-04-01T04:55:58.663Z"}
{"durationMs":15,"ip":"::1","level":"info","message":"HTTP request","method":"GET","path":"/api/notifications?limit=80","service":"wind-sunset-backend","statusCode":304,"timestamp":"2026-04-01T04:56:58.651Z"}
{"durationMs":15,"ip":"::1","level":"info","message":"HTTP request","method":"GET","path":"/api/notifications?limit=80","service":"wind-sunset-backend","statusCode":304,"timestamp":"2026-04-01T04:57:58.649Z"}
{"durationMs":360,"ip":"::1","level":"info","message":"HTTP request","method":"GET","path":"/api/notifications?limit=80","service":"wind-sunset-backend","statusCode":304,"timestamp":"2026-04-01T05:02:10.310Z"}
{"durationMs":321,"ip":"::1","level":"info","message":"HTTP request","method":"GET","path":"/api/notifications?limit=80","service":"wind-sunset-backend","statusCode":304,"timestamp":"2026-04-01T05:02:58.963Z"}
{"durationMs":28,"ip":"::1","level":"info","message":"HTTP request","method":"GET","path":"/api/notifications?limit=80","service":"wind-sunset-backend","statusCode":304,"timestamp":"2026-04-01T05:03:58.666Z"}
{"durationMs":16,"ip":"::1","level":"info","message":"HTTP request","method":"GET","path":"/api/notifications?limit=80","service":"wind-sunset-backend","statusCode":304,"timestamp":"2026-04-01T05:04:58.652Z"}
{"durationMs":16,"ip":"::1","level":"info","message":"HTTP request","method":"GET","path":"/api/notifications?limit=80","service":"wind-sunset-backend","statusCode":304,"timestamp":"2026-04-01T05:05:58.660Z"}
{"durationMs":15,"ip":"::1","level":"info","message":"HTTP request","method":"GET","path":"/api/notifications?limit=80","service":"wind-sunset-backend","statusCode":304,"timestamp":"2026-04-01T05:06:58.652Z"}
{"durationMs":763,"ip":"::1","level":"info","message":"HTTP request","method":"GET","path":"/api/notifications?limit=80","service":"wind-sunset-backend","statusCode":304,"timestamp":"2026-04-01T05:10:23.436Z"}
{"durationMs":12,"ip":"::1","level":"info","message":"HTTP request","method":"GET","path":"/api/notifications?limit=80","service":"wind-sunset-backend","statusCode":304,"timestamp":"2026-04-01T05:10:58.657Z"}
{"durationMs":208,"ip":"::1","level":"info","message":"HTTP request","method":"GET","path":"/api/notifications?limit=80","service":"wind-sunset-backend","statusCode":304,"timestamp":"2026-04-01T05:11:58.855Z"}
{"durationMs":13,"ip":"::1","level":"info","message":"HTTP request","method":"GET","path":"/api/notifications?limit=80","service":"wind-sunset-backend","statusCode":304,"timestamp":"2026-04-01T05:12:58.646Z"}
{"durationMs":16,"ip":"::1","level":"info","message":"HTTP request","method":"GET","path":"/api/notifications?limit=80","service":"wind-sunset-backend","statusCode":304,"timestamp":"2026-04-01T05:13:58.663Z"}
{"durationMs":14,"ip":"::1","level":"info","message":"HTTP request","method":"GET","path":"/api/notifications?limit=80","service":"wind-sunset-backend","statusCode":304,"timestamp":"2026-04-01T05:14:58.661Z"}
{"durationMs":18,"ip":"::1","level":"info","message":"HTTP request","method":"GET","path":"/api/notifications?limit=80","service":"wind-sunset-backend","statusCode":304,"timestamp":"2026-04-01T05:15:58.665Z"}
{"durationMs":15,"ip":"::1","level":"info","message":"HTTP request","method":"GET","path":"/api/notifications?limit=80","service":"wind-sunset-backend","statusCode":304,"timestamp":"2026-04-01T05:16:58.651Z"}
{"durationMs":15,"ip":"::1","level":"info","message":"HTTP request","method":"GET","path":"/api/notifications?limit=80","service":"wind-sunset-backend","statusCode":304,"timestamp":"2026-04-01T05:17:58.653Z"}
{"durationMs":19,"ip":"::1","level":"info","message":"HTTP request","method":"GET","path":"/api/notifications?limit=80","service":"wind-sunset-backend","statusCode":304,"timestamp":"2026-04-01T05:18:58.656Z"}
{"durationMs":17,"ip":"::1","level":"info","message":"HTTP request","method":"GET","path":"/api/notifications?limit=80","service":"wind-sunset-backend","statusCode":304,"timestamp":"2026-04-01T05:19:58.662Z"}
{"durationMs":21867,"ip":"::1","level":"info","message":"HTTP request","method":"GET","path":"/api/notifications?limit=80","service":"wind-sunset-backend","statusCode":304,"timestamp":"2026-04-01T05:34:20.945Z"}
{"durationMs":15,"ip":"::1","level":"info","message":"HTTP request","method":"GET","path":"/api/notifications?limit=80","service":"wind-sunset-backend","statusCode":304,"timestamp":"2026-04-01T05:34:58.665Z"}
{"durationMs":16,"ip":"::1","level":"info","message":"HTTP request","method":"GET","path":"/api/notifications?limit=80","service":"wind-sunset-backend","statusCode":304,"timestamp":"2026-04-01T05:35:58.654Z"}
{"durationMs":13,"ip":"::1","level":"info","message":"HTTP request","method":"GET","path":"/api/notifications?limit=80","service":"wind-sunset-backend","statusCode":304,"timestamp":"2026-04-01T05:36:58.651Z"}
{"durationMs":14,"ip":"::1","level":"info","message":"HTTP request","method":"GET","path":"/api/notifications?limit=80","service":"wind-sunset-backend","statusCode":304,"timestamp":"2026-04-01T05:37:58.651Z"}
{"durationMs":347,"ip":"::1","level":"info","message":"HTTP request","method":"GET","path":"/api/notifications?limit=80","service":"wind-sunset-backend","statusCode":304,"timestamp":"2026-04-01T05:57:20.377Z"}
{"durationMs":13,"ip":"::1","level":"info","message":"HTTP request","method":"GET","path":"/api/notifications?limit=80","service":"wind-sunset-backend","statusCode":304,"timestamp":"2026-04-01T05:57:58.656Z"}
{"durationMs":14,"ip":"::1","level":"info","message":"HTTP request","method":"GET","path":"/api/notifications?limit=80","service":"wind-sunset-backend","statusCode":304,"timestamp":"2026-04-01T05:58:58.648Z"}
{"durationMs":18,"ip":"::1","level":"info","message":"HTTP request","method":"GET","path":"/api/notifications?limit=80","service":"wind-sunset-backend","statusCode":304,"timestamp":"2026-04-01T05:59:58.660Z"}
{"durationMs":13,"ip":"::1","level":"info","message":"HTTP request","method":"GET","path":"/api/notifications?limit=80","service":"wind-sunset-backend","statusCode":304,"timestamp":"2026-04-01T06:00:58.649Z"}
{"durationMs":13,"ip":"::1","level":"info","message":"HTTP request","method":"GET","path":"/api/notifications?limit=80","service":"wind-sunset-backend","statusCode":304,"timestamp":"2026-04-01T06:01:58.646Z"}
{"durationMs":9,"ip":"::1","level":"info","message":"HTTP request","method":"GET","path":"/api/notifications?limit=80","service":"wind-sunset-backend","statusCode":304,"timestamp":"2026-04-01T06:02:11.399Z"}
{"durationMs":13,"ip":"::1","level":"info","message":"HTTP request","method":"GET","path":"/api/notifications?limit=80","service":"wind-sunset-backend","statusCode":304,"timestamp":"2026-04-01T06:02:34.658Z"}
{"durationMs":11,"ip":"::1","level":"info","message":"HTTP request","method":"GET","path":"/api/notifications?limit=80","service":"wind-sunset-backend","statusCode":304,"timestamp":"2026-04-01T06:03:04.647Z"}
{"durationMs":11,"ip":"::1","level":"info","message":"HTTP request","method":"GET","path":"/api/notifications?limit=80","service":"wind-sunset-backend","statusCode":304,"timestamp":"2026-04-01T06:03:58.651Z"}
{"durationMs":10,"ip":"::1","level":"info","message":"HTTP request","method":"GET","path":"/api/notifications?limit=80","service":"wind-sunset-backend","statusCode":304,"timestamp":"2026-04-01T06:04:58.647Z"}
{"durationMs":14,"ip":"::1","level":"info","message":"HTTP request","method":"GET","path":"/api/notifications?limit=80","service":"wind-sunset-backend","statusCode":304,"timestamp":"2026-04-01T06:05:58.646Z"}
{"durationMs":14,"ip":"::1","level":"info","message":"HTTP request","method":"GET","path":"/api/notifications?limit=80","service":"wind-sunset-backend","statusCode":304,"timestamp":"2026-04-01T06:06:58.654Z"}
{"durationMs":12,"ip":"::1","level":"info","message":"HTTP request","method":"GET","path":"/api/notifications?limit=80","service":"wind-sunset-backend","statusCode":304,"timestamp":"2026-04-01T06:07:58.645Z"}
{"durationMs":20,"ip":"::1","level":"info","message":"HTTP request","method":"GET","path":"/api/notifications?limit=80","service":"wind-sunset-backend","statusCode":304,"timestamp":"2026-04-01T06:08:58.650Z"}
{"durationMs":12,"ip":"::1","level":"info","message":"HTTP request","method":"GET","path":"/api/notifications?limit=80","service":"wind-sunset-backend","statusCode":304,"timestamp":"2026-04-01T06:09:58.654Z"}
{"durationMs":26,"ip":"::1","level":"info","message":"HTTP request","method":"GET","path":"/api/notifications?limit=80","service":"wind-sunset-backend","statusCode":304,"timestamp":"2026-04-01T06:10:58.665Z"}
{"durationMs":14,"ip":"::1","level":"info","message":"HTTP request","method":"GET","path":"/api/notifications?limit=80","service":"wind-sunset-backend","statusCode":304,"timestamp":"2026-04-01T06:11:58.649Z"}
{"durationMs":17,"ip":"::1","level":"info","message":"HTTP request","method":"GET","path":"/api/notifications?limit=80","service":"wind-sunset-backend","statusCode":304,"timestamp":"2026-04-01T06:12:58.656Z"}
{"durationMs":13,"ip":"::1","level":"info","message":"HTTP request","method":"GET","path":"/api/notifications?limit=80","service":"wind-sunset-backend","statusCode":304,"timestamp":"2026-04-01T06:13:58.649Z"}
{"durationMs":10,"ip":"::1","level":"info","message":"HTTP request","method":"GET","path":"/api/notifications?limit=80","service":"wind-sunset-backend","statusCode":304,"timestamp":"2026-04-01T06:14:58.654Z"}
{"durationMs":14,"ip":"::1","level":"info","message":"HTTP request","method":"GET","path":"/api/notifications?limit=80","service":"wind-sunset-backend","statusCode":304,"timestamp":"2026-04-01T06:15:58.652Z"}
{"durationMs":12,"ip":"::1","level":"info","message":"HTTP request","method":"GET","path":"/api/notifications?limit=80","service":"wind-sunset-backend","statusCode":304,"timestamp":"2026-04-01T06:16:58.649Z"}
{"durationMs":12,"ip":"::1","level":"info","message":"HTTP request","method":"GET","path":"/api/notifications?limit=80","service":"wind-sunset-backend","statusCode":304,"timestamp":"2026-04-01T06:17:58.646Z"}
{"durationMs":14,"ip":"::1","level":"info","message":"HTTP request","method":"GET","path":"/api/notifications?limit=80","service":"wind-sunset-backend","statusCode":304,"timestamp":"2026-04-01T06:18:58.658Z"}
{"durationMs":13,"ip":"::1","level":"info","message":"HTTP request","method":"GET","path":"/api/notifications?limit=80","service":"wind-sunset-backend","statusCode":304,"timestamp":"2026-04-01T06:19:58.654Z"}
{"durationMs":11,"ip":"::1","level":"info","message":"HTTP request","method":"GET","path":"/api/notifications?limit=80","service":"wind-sunset-backend","statusCode":304,"timestamp":"2026-04-01T06:20:58.653Z"}
{"durationMs":13,"ip":"::1","level":"info","message":"HTTP request","method":"GET","path":"/api/notifications?limit=80","service":"wind-sunset-backend","statusCode":304,"timestamp":"2026-04-01T06:21:58.659Z"}
{"durationMs":244,"ip":"::1","level":"info","message":"HTTP request","method":"GET","path":"/api/notifications?limit=80","service":"wind-sunset-backend","statusCode":304,"timestamp":"2026-04-01T06:22:58.876Z"}
{"durationMs":13,"ip":"::1","level":"info","message":"HTTP request","method":"GET","path":"/api/notifications?limit=80","service":"wind-sunset-backend","statusCode":304,"timestamp":"2026-04-01T06:23:58.659Z"}
{"durationMs":13,"ip":"::1","level":"info","message":"HTTP request","method":"GET","path":"/api/notifications?limit=80","service":"wind-sunset-backend","statusCode":304,"timestamp":"2026-04-01T06:24:58.659Z"}
{"durationMs":10,"ip":"::1","level":"info","message":"HTTP request","method":"GET","path":"/api/notifications?limit=80","service":"wind-sunset-backend","statusCode":304,"timestamp":"2026-04-01T06:25:58.654Z"}
{"durationMs":13,"ip":"::1","level":"info","message":"HTTP request","method":"GET","path":"/api/notifications?limit=80","service":"wind-sunset-backend","statusCode":304,"timestamp":"2026-04-01T06:26:58.650Z"}
